65536K: 12.524
65536K: 12.958
65536K: 10.430
65536K: 14.731
65536K: 16.581
65536K: 14.444
65536K: 13.815
65536K: 18.179
65536K: 11.574
65536K: 5.492
65536K: 14.613
65536K: 10.922
65536K: 11.134
65536K: 14.174
65536K: 11.730
65536K: 5.868
65536K: 10.510
65536K: 21.244
65536K: 22.598
65536K: 15.650
65536K: 10.176
65536K: 13.220
65536K: 11.117
65536K: 10.593
65536K: 24.387
65536K: 25.882
65536K: 22.795
65536K: 8.009
65536K: 10.268
65536K: 5.860
65536K: 15.648
65536K: 14.876
65536K: 15.212
65536K: 18.698
65536K: 12.783
65536K: 11.900
65536K: 10.973
65536K: 10.612
65536K: 21.854
65536K: 27.638
65536K: 8.306
65536K: 8.242
65536K: 22.383
65536K: 18.317
65536K: 14.181
65536K: 21.448
65536K: 17.978
65536K: 13.132
65536K: 12.876
65536K: 12.427
65536K: 20.356
65536K: 14.842
65536K: 15.057
65536K: 5.494
65536K: 14.081
65536K: 8.638
65536K: 12.696
65536K: 18.195
65536K: 14.760
65536K: 15.008
65536K: 5.875
65536K: 8.998
65536K: 21.145
65536K: 12.688
65536K: 14.448
65536K: 19.691
65536K: 9.204
65536K: 27.608
65536K: 12.209
65536K: 19.911
65536K: 5.507
65536K: 13.732
65536K: 22.765
65536K: 10.021
65536K: 6.158
65536K: 19.251
65536K: 19.557
65536K: 13.171
65536K: 7.765
65536K: 6.080
65536K: 19.645
65536K: 6.721
65536K: 20.044
65536K: 16.784
65536K: 8.681
65536K: 14.375
65536K: 6.340
65536K: 9.280
65536K: 6.183
65536K: 12.860
65536K: 6.245
65536K: 10.090
65536K: 6.126
65536K: 5.723
65536K: 3.294
65536K: 13.176
65536K: 11.417
65536K: 10.149
65536K: 7.958
65536K: 7.883
