65536K: 8.710
65536K: 41.674
65536K: 46.761
65536K: 46.878
65536K: 46.670
65536K: 43.887
65536K: 46.899
65536K: 47.167
65536K: 46.939
65536K: 46.937
65536K: 46.614
65536K: 46.991
65536K: 46.797
65536K: 44.783
65536K: 19.435
65536K: 24.525
65536K: 46.623
65536K: 47.039
65536K: 46.666
65536K: 46.162
65536K: 46.919
65536K: 46.359
65536K: 46.621
65536K: 47.016
65536K: 46.910
65536K: 46.559
65536K: 47.442
65536K: 47.188
65536K: 46.812
65536K: 47.438
65536K: 46.517
65536K: 47.234
65536K: 46.877
65536K: 46.578
65536K: 46.801
65536K: 47.407
65536K: 46.517
65536K: 47.260
65536K: 46.367
65536K: 47.253
65536K: 42.239
65536K: 43.365
65536K: 46.728
65536K: 46.073
65536K: 45.507
65536K: 45.782
65536K: 44.484
65536K: 46.115
65536K: 47.167
65536K: 46.122
65536K: 30.241
65536K: 47.223
65536K: 34.421
65536K: 22.084
65536K: 38.567
65536K: 46.542
65536K: 46.231
65536K: 44.379
65536K: 45.491
65536K: 46.545
65536K: 46.660
65536K: 46.998
65536K: 46.068
65536K: 46.031
65536K: 45.577
65536K: 46.791
65536K: 45.838
65536K: 46.318
65536K: 45.127
65536K: 46.272
65536K: 47.047
65536K: 45.558
65536K: 45.987
65536K: 45.906
65536K: 41.415
65536K: 46.538
65536K: 46.469
65536K: 46.180
65536K: 46.032
65536K: 46.199
65536K: 46.093
65536K: 46.028
65536K: 45.560
65536K: 45.565
65536K: 45.000
65536K: 45.349
65536K: 45.064
65536K: 31.867
65536K: 42.013
65536K: 46.679
65536K: 45.660
65536K: 46.283
65536K: 42.518
65536K: 46.354
65536K: 37.738
65536K: 46.395
65536K: 46.381
65536K: 45.586
65536K: 45.927
65536K: 47.205
