65536K: 5.489
65536K: 9.257
65536K: 20.861
65536K: 18.668
65536K: 13.939
65536K: 20.962
65536K: 13.509
65536K: 18.850
65536K: 13.709
65536K: 14.103
65536K: 14.398
65536K: 29.511
65536K: 23.008
65536K: 15.250
65536K: 10.882
65536K: 40.704
65536K: 9.939
65536K: 11.427
65536K: 16.414
65536K: 15.196
65536K: 21.826
65536K: 15.296
65536K: 9.272
65536K: 15.725
65536K: 22.072
65536K: 30.322
65536K: 14.426
65536K: 20.240
65536K: 10.862
65536K: 24.337
65536K: 17.402
65536K: 18.509
65536K: 6.824
65536K: 13.842
65536K: 23.594
65536K: 19.552
65536K: 19.517
65536K: 21.654
65536K: 14.703
65536K: 13.602
65536K: 17.046
65536K: 15.848
65536K: 13.595
65536K: 7.910
65536K: 16.000
65536K: 15.358
65536K: 25.941
65536K: 24.534
65536K: 20.887
65536K: 19.263
65536K: 17.856
65536K: 21.170
65536K: 19.902
65536K: 12.171
65536K: 20.487
65536K: 12.945
65536K: 21.398
65536K: 6.449
65536K: 25.497
65536K: 29.187
65536K: 14.595
65536K: 8.212
65536K: 20.533
65536K: 22.198
65536K: 19.559
65536K: 15.449
65536K: 28.628
65536K: 29.887
65536K: 29.024
65536K: 27.536
65536K: 22.319
65536K: 21.182
65536K: 11.802
65536K: 8.862
65536K: 14.053
65536K: 12.604
65536K: 18.085
65536K: 25.340
65536K: 10.721
65536K: 15.877
65536K: 10.162
65536K: 19.081
65536K: 9.352
65536K: 9.041
65536K: 18.287
65536K: 17.447
65536K: 17.753
65536K: 12.245
65536K: 11.516
65536K: 11.803
65536K: 18.757
65536K: 30.822
65536K: 16.730
65536K: 7.817
65536K: 13.136
65536K: 10.104
65536K: 11.236
65536K: 20.718
65536K: 12.372
65536K: 19.272
