65536K: 40.899
65536K: 29.887
65536K: 34.753
65536K: 38.746
65536K: 36.078
65536K: 40.295
65536K: 33.265
65536K: 35.136
65536K: 38.093
65536K: 37.883
65536K: 38.825
65536K: 37.215
65536K: 35.289
65536K: 39.399
65536K: 38.237
65536K: 41.650
65536K: 33.615
65536K: 36.260
65536K: 38.333
65536K: 37.825
65536K: 36.805
65536K: 24.672
65536K: 18.496
65536K: 36.707
65536K: 22.937
65536K: 39.399
65536K: 37.904
65536K: 36.121
65536K: 41.331
65536K: 35.786
65536K: 36.026
65536K: 36.766
65536K: 30.938
65536K: 34.467
65536K: 31.237
65536K: 37.992
65536K: 32.081
65536K: 31.759
65536K: 35.682
65536K: 34.788
65536K: 32.133
65536K: 32.584
65536K: 31.150
65536K: 34.104
65536K: 36.888
65536K: 41.302
65536K: 38.832
65536K: 39.193
65536K: 19.923
65536K: 24.834
65536K: 27.783
65536K: 36.763
65536K: 40.623
65536K: 31.509
65536K: 40.294
65536K: 41.062
65536K: 40.702
65536K: 40.595
65536K: 38.492
65536K: 40.881
65536K: 41.207
65536K: 40.758
65536K: 40.466
65536K: 41.250
65536K: 41.225
65536K: 40.341
65536K: 39.558
65536K: 40.720
65536K: 38.926
65536K: 41.320
65536K: 42.163
65536K: 41.298
65536K: 41.794
65536K: 41.276
65536K: 41.667
65536K: 40.563
65536K: 35.917
65536K: 41.074
65536K: 41.561
65536K: 41.457
65536K: 40.798
65536K: 37.887
65536K: 36.294
65536K: 41.093
65536K: 39.344
65536K: 38.640
65536K: 41.524
65536K: 33.208
65536K: 24.286
65536K: 23.754
65536K: 40.823
65536K: 41.069
65536K: 40.975
65536K: 39.438
65536K: 40.161
65536K: 38.835
65536K: 40.643
65536K: 40.369
65536K: 41.091
65536K: 40.047
