65536K: 21.413
65536K: 15.860
65536K: 11.005
65536K: 22.329
65536K: 18.596
65536K: 18.448
65536K: 17.506
65536K: 14.141
65536K: 9.570
65536K: 11.641
65536K: 18.270
65536K: 11.823
65536K: 7.536
65536K: 33.515
65536K: 22.403
65536K: 14.736
65536K: 16.774
65536K: 10.861
65536K: 12.696
65536K: 19.748
65536K: 23.994
65536K: 20.603
65536K: 15.906
65536K: 30.081
65536K: 14.856
65536K: 16.425
65536K: 18.728
65536K: 16.317
65536K: 16.989
65536K: 11.143
65536K: 14.235
65536K: 10.163
65536K: 17.345
65536K: 19.093
65536K: 19.564
65536K: 9.884
65536K: 12.058
65536K: 16.095
65536K: 14.528
65536K: 12.843
65536K: 19.111
65536K: 25.577
65536K: 21.100
65536K: 17.419
65536K: 17.579
65536K: 15.193
65536K: 16.017
65536K: 12.797
65536K: 13.904
65536K: 14.532
65536K: 15.458
65536K: 24.705
65536K: 10.858
65536K: 20.049
65536K: 16.654
65536K: 27.395
65536K: 21.219
65536K: 6.312
65536K: 17.518
65536K: 14.489
65536K: 17.292
65536K: 18.989
65536K: 8.694
65536K: 6.858
65536K: 11.688
65536K: 18.553
65536K: 15.383
65536K: 22.896
65536K: 23.738
65536K: 17.922
65536K: 11.749
65536K: 22.731
65536K: 9.419
65536K: 14.972
65536K: 17.357
65536K: 15.806
65536K: 17.332
65536K: 15.366
65536K: 14.100
65536K: 17.639
65536K: 16.851
65536K: 13.791
65536K: 12.166
65536K: 13.005
65536K: 12.731
65536K: 17.096
65536K: 9.285
65536K: 9.370
65536K: 15.331
65536K: 7.113
65536K: 11.266
65536K: 16.088
65536K: 8.086
65536K: 6.664
65536K: 9.915
65536K: 9.407
65536K: 7.487
65536K: 9.368
65536K: 10.566
65536K: 19.349
