65536K: 21.003
65536K: 37.735
65536K: 38.090
65536K: 40.162
65536K: 37.595
65536K: 34.496
65536K: 20.568
65536K: 21.572
65536K: 37.254
65536K: 36.442
65536K: 36.650
65536K: 36.874
65536K: 36.520
65536K: 39.612
65536K: 38.682
65536K: 38.883
65536K: 33.248
65536K: 33.365
65536K: 39.460
65536K: 34.811
65536K: 40.605
65536K: 36.783
65536K: 40.219
65536K: 39.224
65536K: 40.215
65536K: 39.068
65536K: 30.563
65536K: 36.912
65536K: 36.739
65536K: 37.585
65536K: 36.250
65536K: 38.369
65536K: 35.819
65536K: 38.647
65536K: 32.757
65536K: 27.826
65536K: 34.876
65536K: 37.359
65536K: 32.284
65536K: 35.779
65536K: 36.752
65536K: 35.379
65536K: 29.322
65536K: 15.319
65536K: 23.955
65536K: 35.865
65536K: 30.072
65536K: 22.081
65536K: 33.204
65536K: 35.051
65536K: 35.233
65536K: 32.502
65536K: 36.304
65536K: 37.102
65536K: 36.587
65536K: 33.488
65536K: 31.901
65536K: 29.303
65536K: 35.254
65536K: 33.972
65536K: 38.590
65536K: 33.447
65536K: 25.726
65536K: 36.464
65536K: 36.460
65536K: 33.432
65536K: 35.595
65536K: 35.991
65536K: 35.597
65536K: 36.810
65536K: 33.289
65536K: 34.553
65536K: 31.669
65536K: 30.958
65536K: 35.403
65536K: 35.562
65536K: 34.676
65536K: 24.261
65536K: 32.632
65536K: 34.081
65536K: 31.288
65536K: 15.359
65536K: 30.497
65536K: 28.272
65536K: 20.767
65536K: 17.078
65536K: 21.047
65536K: 30.672
65536K: 17.679
65536K: 28.310
65536K: 28.656
65536K: 19.232
65536K: 24.418
65536K: 28.640
65536K: 22.046
65536K: 9.524
65536K: 9.680
65536K: 19.402
65536K: 24.094
65536K: 21.373
