65536K: 38.305
65536K: 38.776
65536K: 30.911
65536K: 36.478
65536K: 37.132
65536K: 25.236
65536K: 38.296
65536K: 25.749
65536K: 38.044
65536K: 31.668
65536K: 37.760
65536K: 38.751
65536K: 34.138
65536K: 39.584
65536K: 24.111
65536K: 33.328
65536K: 39.519
65536K: 39.763
65536K: 37.492
65536K: 33.715
65536K: 23.691
65536K: 24.122
65536K: 25.929
65536K: 18.310
65536K: 36.411
65536K: 39.506
65536K: 19.042
65536K: 9.738
65536K: 39.179
65536K: 32.901
65536K: 36.306
65536K: 22.896
65536K: 35.740
65536K: 35.244
65536K: 33.621
65536K: 24.668
65536K: 36.955
65536K: 18.556
65536K: 19.284
65536K: 35.250
65536K: 32.244
65536K: 31.832
65536K: 32.033
65536K: 32.355
65536K: 31.533
65536K: 30.614
65536K: 34.296
65536K: 32.473
65536K: 13.168
65536K: 18.327
65536K: 20.764
65536K: 32.395
65536K: 24.805
65536K: 28.788
65536K: 32.314
65536K: 39.131
65536K: 39.005
65536K: 34.290
65536K: 38.053
65536K: 35.314
65536K: 36.256
65536K: 36.477
65536K: 27.261
65536K: 40.670
65536K: 40.127
65536K: 36.423
65536K: 38.377
65536K: 37.142
65536K: 40.341
65536K: 38.491
65536K: 34.499
65536K: 39.540
65536K: 39.639
65536K: 39.369
65536K: 37.863
65536K: 40.623
65536K: 36.170
65536K: 40.481
65536K: 36.898
65536K: 39.331
65536K: 39.694
65536K: 39.847
65536K: 30.581
65536K: 35.185
65536K: 29.805
65536K: 28.993
65536K: 24.737
65536K: 22.475
65536K: 15.693
65536K: 25.252
65536K: 20.640
65536K: 31.449
65536K: 20.315
65536K: 21.567
65536K: 33.034
65536K: 40.320
65536K: 39.011
65536K: 39.051
65536K: 27.610
65536K: 36.359
