65536K: 25.484
65536K: 17.702
65536K: 13.056
65536K: 17.535
65536K: 19.569
65536K: 14.976
65536K: 31.198
65536K: 14.580
65536K: 29.353
65536K: 22.224
65536K: 19.880
65536K: 15.125
65536K: 11.927
65536K: 15.359
65536K: 32.686
65536K: 29.687
65536K: 13.975
65536K: 12.267
65536K: 30.247
65536K: 14.161
65536K: 16.759
65536K: 30.220
65536K: 28.250
65536K: 22.572
65536K: 20.065
65536K: 16.307
65536K: 16.702
65536K: 17.211
65536K: 14.314
65536K: 25.173
65536K: 16.432
65536K: 13.614
65536K: 23.820
65536K: 20.830
65536K: 11.279
65536K: 15.204
65536K: 23.046
65536K: 20.460
65536K: 26.336
65536K: 15.824
65536K: 27.121
65536K: 17.398
65536K: 20.787
65536K: 27.450
65536K: 10.501
65536K: 14.533
65536K: 14.762
65536K: 22.878
65536K: 31.636
65536K: 10.039
65536K: 17.498
65536K: 17.559
65536K: 27.482
65536K: 19.867
65536K: 11.383
65536K: 18.839
65536K: 15.638
65536K: 19.862
65536K: 22.068
65536K: 12.973
65536K: 14.648
65536K: 20.688
65536K: 27.933
65536K: 19.145
65536K: 12.201
65536K: 18.825
65536K: 27.017
65536K: 27.746
65536K: 14.042
65536K: 15.743
65536K: 9.943
65536K: 15.623
65536K: 21.560
65536K: 20.192
65536K: 15.234
65536K: 27.532
65536K: 25.525
65536K: 19.590
65536K: 17.283
65536K: 11.212
65536K: 10.568
65536K: 9.422
65536K: 16.207
65536K: 16.712
65536K: 27.448
65536K: 14.772
65536K: 9.354
65536K: 14.219
65536K: 8.690
65536K: 17.925
65536K: 7.473
65536K: 6.291
65536K: 9.970
65536K: 11.599
65536K: 14.722
65536K: 11.524
65536K: 8.958
65536K: 8.291
65536K: 8.696
65536K: 13.511
