65536K: 10.522
65536K: 31.770
65536K: 15.776
65536K: 14.964
65536K: 22.841
65536K: 9.348
65536K: 29.544
65536K: 25.383
65536K: 32.884
65536K: 30.452
65536K: 22.607
65536K: 18.606
65536K: 17.493
65536K: 30.700
65536K: 23.885
65536K: 19.847
65536K: 18.941
65536K: 15.086
65536K: 23.851
65536K: 18.685
65536K: 13.829
65536K: 13.290
65536K: 19.097
65536K: 20.261
65536K: 18.631
65536K: 30.071
65536K: 21.290
65536K: 20.007
65536K: 22.590
65536K: 11.902
65536K: 31.019
65536K: 28.631
65536K: 25.431
65536K: 26.655
65536K: 27.962
65536K: 20.321
65536K: 18.562
65536K: 13.279
65536K: 19.462
65536K: 34.556
65536K: 29.221
65536K: 26.794
65536K: 26.275
65536K: 20.528
65536K: 27.500
65536K: 18.177
65536K: 27.231
65536K: 25.584
65536K: 24.960
65536K: 23.399
65536K: 21.796
65536K: 18.503
65536K: 20.762
65536K: 28.409
65536K: 26.554
65536K: 22.441
65536K: 19.644
65536K: 28.806
65536K: 12.256
65536K: 8.384
65536K: 16.159
65536K: 21.441
65536K: 8.959
65536K: 20.191
65536K: 21.425
65536K: 27.055
65536K: 17.842
65536K: 21.980
65536K: 20.066
65536K: 24.889
65536K: 14.220
65536K: 22.913
65536K: 21.006
65536K: 18.503
65536K: 26.722
65536K: 25.566
65536K: 18.867
65536K: 23.035
65536K: 13.257
65536K: 24.640
65536K: 12.606
65536K: 28.127
65536K: 18.482
65536K: 17.388
65536K: 19.565
65536K: 10.509
65536K: 14.843
65536K: 10.980
65536K: 10.900
65536K: 12.540
65536K: 12.050
65536K: 9.309
65536K: 18.897
65536K: 7.866
65536K: 8.804
65536K: 9.620
65536K: 8.731
65536K: 7.358
65536K: 15.082
65536K: 14.995
