65536K: 22.802
65536K: 18.860
65536K: 11.020
65536K: 7.295
65536K: 15.768
65536K: 11.671
65536K: 7.783
65536K: 10.893
65536K: 15.030
65536K: 8.117
65536K: 11.312
65536K: 12.837
65536K: 13.185
65536K: 12.489
65536K: 16.553
65536K: 10.607
65536K: 12.009
65536K: 14.461
65536K: 22.707
65536K: 19.538
65536K: 10.959
65536K: 7.456
65536K: 9.943
65536K: 15.117
65536K: 21.522
65536K: 14.313
65536K: 12.199
65536K: 10.483
65536K: 20.240
65536K: 12.210
65536K: 13.678
65536K: 17.005
65536K: 5.279
65536K: 11.841
65536K: 12.768
65536K: 12.276
65536K: 14.842
65536K: 12.032
65536K: 21.706
65536K: 15.935
65536K: 7.479
65536K: 12.161
65536K: 14.302
65536K: 6.762
65536K: 10.676
65536K: 11.380
65536K: 16.247
65536K: 9.602
65536K: 13.084
65536K: 12.489
65536K: 16.195
65536K: 15.991
65536K: 15.715
65536K: 7.412
65536K: 15.489
65536K: 14.953
65536K: 10.119
65536K: 12.365
65536K: 10.565
65536K: 16.705
65536K: 13.533
65536K: 11.174
65536K: 14.278
65536K: 14.700
65536K: 11.517
65536K: 8.510
65536K: 14.553
65536K: 16.127
65536K: 12.411
65536K: 11.815
65536K: 9.621
65536K: 3.476
65536K: 9.195
65536K: 13.897
65536K: 8.793
65536K: 11.591
65536K: 8.662
65536K: 14.764
65536K: 7.588
65536K: 8.527
65536K: 8.892
65536K: 6.697
65536K: 6.753
65536K: 12.061
65536K: 7.841
65536K: 10.256
65536K: 7.542
65536K: 7.344
65536K: 5.709
65536K: 16.374
65536K: 20.664
65536K: 10.938
65536K: 10.260
65536K: 19.112
65536K: 5.270
65536K: 4.773
65536K: 6.025
65536K: 6.806
65536K: 7.841
65536K: 7.675
